Using pre-set license
Built from '2020.3/staging' branch; Version is '2020.3.13f1 (71691879b7f5) revision 7432472'; Using compiler version '192528614'; Build Type 'Release'
OS: 'Windows 10 Enterprise; OS build 19042.1237; Version 2009; 64bit' Language: 'en' Physical Memory: 32719 MB
BatchMode: 1, IsHumanControllingUs: 0, StartBugReporterOnCrash: 0, Is64bit: 1, IsPro: 0

 COMMAND LINE ARGUMENTS:
C:\Program Files\Unity\Editor\Unity.exe
-adb2
-batchMode
-noUpm
-name
AssetImportWorker0
-projectPath
C:/Users/stjpace/Documents/GitHub/G300JohnLemon/3D Beginner
-logFile
Logs/AssetImportWorker0.log
-srvPort
51822
Successfully changed project path to: C:/Users/stjpace/Documents/GitHub/G300JohnLemon/3D Beginner
C:/Users/stjpace/Documents/GitHub/G300JohnLemon/3D Beginner
Using Asset Import Pipeline V2.
Refreshing native plugins compatible for Editor in 56.84 ms, found 2 plugins.
Preloading 0 native plugins for Editor in 0.00 ms.
Initialize engine version: 2020.3.13f1 (71691879b7f5)
[Subsystems] Discovering subsystems at path C:/Program Files/Unity/Editor/Data/Resources/UnitySubsystems
[Subsystems] Discovering subsystems at path C:/Users/stjpace/Documents/GitHub/G300JohnLemon/3D Beginner/Assets
GfxDevice: creating device client; threaded=0
Direct3D:
    Version:  Direct3D 11.0 [level 11.1]
    Renderer: NVIDIA GeForce GTX 1080 (ID=0x1b80)
    Vendor:   
    VRAM:     8079 MB
    Driver:   30.0.14.7111
Initialize mono
Mono path[0] = 'C:/Program Files/Unity/Editor/Data/Managed'
Mono path[1] = 'C:/Program Files/Unity/Editor/Data/MonoBleedingEdge/lib/mono/unityjit'
Mono config path = 'C:/Program Files/Unity/Editor/Data/MonoBleedingEdge/etc'
Using monoOptions --debugger-agent=transport=dt_socket,embedding=1,server=y,suspend=n,address=127.0.0.1:56852
Begin MonoManager ReloadAssembly
Registering precompiled unity dll's ...
Register platform support module: C:/Program Files/Unity/Editor/Data/PlaybackEngines/WebGLSupport/UnityEditor.WebGL.Extensions.dll
Register platform support module: C:/Program Files/Unity/Editor/Data/PlaybackEngines/MacStandaloneSupport/UnityEditor.OSXStandalone.Extensions.dll
Register platform support module: C:/Program Files/Unity/Editor/Data/PlaybackEngines/WindowsStandaloneSupport/UnityEditor.WindowsStandalone.Extensions.dll
Register platform support module: C:/Program Files/Unity/Editor/Data/PlaybackEngines/LinuxStandaloneSupport/UnityEditor.LinuxStandalone.Extensions.dll
Register platform support module: C:/Program Files/Unity/Editor/Data/PlaybackEngines/LuminSupport/UnityEditor.Lumin.Extensions.dll
Registered in 0.003708 seconds.
Native extension for Lumin target not found
Native extension for LinuxStandalone target not found
Native extension for WindowsStandalone target not found
Native extension for OSXStandalone target not found
Native extension for WebGL target not found
Refreshing native plugins compatible for Editor in 44.36 ms, found 2 plugins.
Preloading 0 native plugins for Editor in 0.00 ms.
Mono: successfully reloaded assembly
- Completed reload, in  1.465 seconds
Platform modules already initialized, skipping
Registering precompiled user dll's ...
Registered in 0.007606 seconds.
Begin MonoManager ReloadAssembly
Native extension for Lumin target not found
Native extension for LinuxStandalone target not found
Native extension for WindowsStandalone target not found
Native extension for OSXStandalone target not found
Native extension for WebGL target not found
Refreshing native plugins compatible for Editor in 0.52 ms, found 2 plugins.
Preloading 0 native plugins for Editor in 0.00 ms.
Mono: successfully reloaded assembly
- Completed reload, in  1.040 seconds
Platform modules already initialized, skipping
========================================================================
Worker process is ready to serve import requests
Launched and connected shader compiler UnityShaderCompiler.exe after 0.07 seconds
Refreshing native plugins compatible for Editor in 0.58 ms, found 2 plugins.
Preloading 0 native plugins for Editor in 0.00 ms.
Unloading 1904 Unused Serialized files (Serialized files now loaded: 0)
System memory in use before: 87.1 MB.
System memory in use after: 87.2 MB.

Unloading 44 unused Assets to reduce memory usage. Loaded Objects now: 2324.
Total: 3.112500 ms (FindLiveObjects: 0.322400 ms CreateObjectMapping: 0.142100 ms MarkObjects: 2.536800 ms  DeleteObjects: 0.109700 ms)

AssetImportParameters requested are different than current active one (requested -> active):
  custom:framework-win-MediaFoundation: 216162199b28c13a410421893ffa2e32 -> 
  custom:video-decoder-ogg-theora: a1e56fd34408186e4bbccfd4996cb3dc -> 
  custom:container-muxer-webm: aa71ff27fc2769a1b78a27578f13a17b -> 
  custom:container-demuxer-webm: 4f35f7cbe854078d1ac9338744f61a02 -> 
  custom:container-demuxer-ogg: 62fdf1f143b41e24485cea50d1cbac27 -> 
  custom:video-encoder-webm-vp8: eb34c28f22e8b96e1ab97ce403110664 -> 
  custom:video-decoder-webm-vp8: 9c59270c3fd7afecdb556c50c9e8de78 -> 
  custom:audio-decoder-ogg-vorbis: bf7c407c2cedff20999df2af8eb42d56 -> 
  custom:audio-encoder-webm-vorbis: bf7c407c2cedff20999df2af8eb42d56 -> 
========================================================================
Received Import Request.
  path: Assets/Readme.asset
  artifactKey: Guid(5aa8565dc31eb3f4a97f05eb11fe8445) Importer(815301076,1909f56bfc062723c751e8b465ee728b)
Start importing Assets/Readme.asset using Guid(5aa8565dc31eb3f4a97f05eb11fe8445) Importer(815301076,1909f56bfc062723c751e8b465ee728b)  -> (artifact id: '78ee8df90693d827b51bc5f66f689e87') in 0.047462 seconds 
  Import took 0.051548 seconds .

========================================================================
Received Import Request.
  Time since last request: 97.936671 seconds.
  path: Assets/Scenes
  artifactKey: Guid(3ed3cf9d4a044d84a96cd5d16c3566b3) Importer(815301076,1909f56bfc062723c751e8b465ee728b)
Start importing Assets/Scenes using Guid(3ed3cf9d4a044d84a96cd5d16c3566b3) Importer(815301076,1909f56bfc062723c751e8b465ee728b)  -> (artifact id: '59ee1bf38a83228f8334e2576ba5e8ba') in 0.008689 seconds 
  Import took 0.011800 seconds .

========================================================================
Received Import Request.
  Time since last request: 0.003652 seconds.
  path: Assets/Scenes
  artifactKey: Guid(3ed3cf9d4a044d84a96cd5d16c3566b3) Importer(815301076,1909f56bfc062723c751e8b465ee728b)
Start importing Assets/Scenes using Guid(3ed3cf9d4a044d84a96cd5d16c3566b3) Importer(815301076,1909f56bfc062723c751e8b465ee728b)  -> (artifact id: '59ee1bf38a83228f8334e2576ba5e8ba') in 0.004040 seconds 
  Import took 0.007754 seconds .

========================================================================
Received Import Request.
  Time since last request: 0.906218 seconds.
  path: Assets/Scenes/MainScene.unity
  artifactKey: Guid(9fc0d4010bbf28b4594072e72b8655ab) Importer(815301076,1909f56bfc062723c751e8b465ee728b)
Start importing Assets/Scenes/MainScene.unity using Guid(9fc0d4010bbf28b4594072e72b8655ab) Importer(815301076,1909f56bfc062723c751e8b465ee728b)  -> (artifact id: 'fe9bc86732b94ec1e6f17f6299bf1cfb') in 0.009165 seconds 
  Import took 0.012013 seconds .

========================================================================
Received Import Request.
  Time since last request: 32.184218 seconds.
  path: Assets/Scenes/MainScene
  artifactKey: Guid(085b815d36d80514c8bb2dd08f5366bd) Importer(815301076,1909f56bfc062723c751e8b465ee728b)
Start importing Assets/Scenes/MainScene using Guid(085b815d36d80514c8bb2dd08f5366bd) Importer(815301076,1909f56bfc062723c751e8b465ee728b)  -> (artifact id: '572efb8defc55c82330c6db303388e46') in 0.009513 seconds 
  Import took 0.012949 seconds .

========================================================================
Received Import Request.
  Time since last request: 0.044813 seconds.
  path: Assets/Scenes/MainScene/LightingData.asset
  artifactKey: Guid(27df41af3db9c974085dfe0520ae446d) Importer(815301076,1909f56bfc062723c751e8b465ee728b)
Start importing Assets/Scenes/MainScene/LightingData.asset using Guid(27df41af3db9c974085dfe0520ae446d) Importer(815301076,1909f56bfc062723c751e8b465ee728b)  -> (artifact id: '3082463fe15cc33173b69f87d0ceda33') in 0.009218 seconds 
  Import took 0.012529 seconds .

========================================================================
Received Import Request.
  Time since last request: 0.000317 seconds.
  path: Assets/Scenes/MainScene/NavMesh.asset
  artifactKey: Guid(d6156cdddccb0d24f9e89859732ca84e) Importer(815301076,1909f56bfc062723c751e8b465ee728b)
Start importing Assets/Scenes/MainScene/NavMesh.asset using Guid(d6156cdddccb0d24f9e89859732ca84e) Importer(815301076,1909f56bfc062723c751e8b465ee728b)  -> (artifact id: '595d4d7548ebc1b492116641fc13f2b7') in 0.008891 seconds 
  Import took 0.012167 seconds .

========================================================================
Received Import Request.
  Time since last request: 0.000324 seconds.
  path: Assets/Scenes/MainScene/ReflectionProbe-0.exr
  artifactKey: Guid(524153e0eab5abe4a970b9508c986d94) Importer(815301076,1909f56bfc062723c751e8b465ee728b)
Start importing Assets/Scenes/MainScene/ReflectionProbe-0.exr using Guid(524153e0eab5abe4a970b9508c986d94) Importer(815301076,1909f56bfc062723c751e8b465ee728b)  -> (artifact id: 'ebbc326f835b6f8625c8f533c19e19ee') in 0.094244 seconds 
  Import took 0.097167 seconds .

========================================================================
Received Import Request.
  Time since last request: 0.000399 seconds.
  path: Assets/Scenes/MainScene/ReflectionProbe-1.exr
  artifactKey: Guid(83b2c9077dddbe544a59d4d2e8233c33) Importer(815301076,1909f56bfc062723c751e8b465ee728b)
Start importing Assets/Scenes/MainScene/ReflectionProbe-1.exr using Guid(83b2c9077dddbe544a59d4d2e8233c33) Importer(815301076,1909f56bfc062723c751e8b465ee728b)  -> (artifact id: '1f1950f7abe63eac645145cad826af32') in 0.015706 seconds 
  Import took 0.019201 seconds .

========================================================================
Received Import Request.
  Time since last request: 1.775136 seconds.
  path: Assets
  artifactKey: Guid(00000000000000001000000000000000) Importer(815301076,1909f56bfc062723c751e8b465ee728b)
Start importing Assets using Guid(00000000000000001000000000000000) Importer(815301076,1909f56bfc062723c751e8b465ee728b)  -> (artifact id: '42d402b061de3733987d63b9cc3b64de') in 0.007245 seconds 
  Import took 0.009998 seconds .

========================================================================
Received Import Request.
  Time since last request: 1140.460985 seconds.
  path: Assets/Models
  artifactKey: Guid(5c22133398df5aa4eba6d956857390aa) Importer(815301076,1909f56bfc062723c751e8b465ee728b)
Start importing Assets/Models using Guid(5c22133398df5aa4eba6d956857390aa) Importer(815301076,1909f56bfc062723c751e8b465ee728b)  -> (artifact id: 'b2c4b95ee7d6081d5d0d83ccdb18b844') in 0.006154 seconds 
  Import took 0.009798 seconds .

========================================================================
Received Import Request.
  Time since last request: 0.004419 seconds.
  path: Assets/Models
  artifactKey: Guid(5c22133398df5aa4eba6d956857390aa) Importer(815301076,1909f56bfc062723c751e8b465ee728b)
Start importing Assets/Models using Guid(5c22133398df5aa4eba6d956857390aa) Importer(815301076,1909f56bfc062723c751e8b465ee728b)  -> (artifact id: 'b2c4b95ee7d6081d5d0d83ccdb18b844') in 0.002494 seconds 
  Import took 0.005813 seconds .

========================================================================
Received Import Request.
  Time since last request: 2.580646 seconds.
  path: Assets/Models/Corridor
  artifactKey: Guid(5705412ea30b1c54ea1d7209b6041e2f) Importer(815301076,1909f56bfc062723c751e8b465ee728b)
Start importing Assets/Models/Corridor using Guid(5705412ea30b1c54ea1d7209b6041e2f) Importer(815301076,1909f56bfc062723c751e8b465ee728b)  -> (artifact id: 'ba84cd52eb283c3be2bffa9abe540ff7') in 0.007743 seconds 
  Import took 0.011562 seconds .

========================================================================
Received Import Request.
  Time since last request: 0.053152 seconds.
  path: Assets/Models/Corridor/CeilingPlane.fbx
  artifactKey: Guid(4aa23393587d7204bbc9f4a30599bf61) Importer(815301076,1909f56bfc062723c751e8b465ee728b)
Start importing Assets/Models/Corridor/CeilingPlane.fbx using Guid(4aa23393587d7204bbc9f4a30599bf61) Importer(815301076,1909f56bfc062723c751e8b465ee728b)  -> (artifact id: 'fb03eec101604cf037ad00e8abbd031e') in 0.285558 seconds 
  Import took 0.289113 seconds .

========================================================================
Received Import Request.
  Time since last request: 0.000391 seconds.
  path: Assets/Models/Corridor/PictureFrame_Wolf.FBX
  artifactKey: Guid(16359bd0c00e50e4580e93430782bac3) Importer(815301076,1909f56bfc062723c751e8b465ee728b)
Start importing Assets/Models/Corridor/PictureFrame_Wolf.FBX using Guid(16359bd0c00e50e4580e93430782bac3) Importer(815301076,1909f56bfc062723c751e8b465ee728b)  -> (artifact id: '8b9e1e0a45208668f4760c6292239ac3') in 0.260078 seconds 
  Import took 0.262954 seconds .

========================================================================
Received Import Request.
  Time since last request: 0.000382 seconds.
  path: Assets/Models/Corridor/Rug_Corridor.FBX
  artifactKey: Guid(16117d52108da314aaa138a6a9144186) Importer(815301076,1909f56bfc062723c751e8b465ee728b)
Start importing Assets/Models/Corridor/Rug_Corridor.FBX using Guid(16117d52108da314aaa138a6a9144186) Importer(815301076,1909f56bfc062723c751e8b465ee728b)  -> (artifact id: '6a0a8059ae43dc812f73ed55e0e9fe37') in 0.025243 seconds 
  Import took 0.028709 seconds .

========================================================================
Received Import Request.
  Time since last request: 0.000290 seconds.
  path: Assets/Models/Corridor/EndPost.FBX
  artifactKey: Guid(edf38c584e65ce74790703fba4fc33e4) Importer(815301076,1909f56bfc062723c751e8b465ee728b)
Start importing Assets/Models/Corridor/EndPost.FBX using Guid(edf38c584e65ce74790703fba4fc33e4) Importer(815301076,1909f56bfc062723c751e8b465ee728b)  -> (artifact id: '905d65933a182ae007ce0c7005df08e8') in 0.027804 seconds 
  Import took 0.031151 seconds .

========================================================================
Received Import Request.
  Time since last request: 0.000319 seconds.
  path: Assets/Models/Corridor/Wall_Window_02.fbx
  artifactKey: Guid(5d88d553abd2ff741bbd24e9fb2ff861) Importer(815301076,1909f56bfc062723c751e8b465ee728b)
Start importing Assets/Models/Corridor/Wall_Window_02.fbx using Guid(5d88d553abd2ff741bbd24e9fb2ff861) Importer(815301076,1909f56bfc062723c751e8b465ee728b)  -> (artifact id: 'f479109c2c6e52293a387db7ec55bec6') in 0.044744 seconds 
  Import took 0.047817 seconds .

========================================================================
Received Import Request.
  Time since last request: 0.000313 seconds.
  path: Assets/Models/Corridor/Wall_Windows_Straight.fbx
  artifactKey: Guid(1a07ed1dbd440384c89497a167bde353) Importer(815301076,1909f56bfc062723c751e8b465ee728b)
Start importing Assets/Models/Corridor/Wall_Windows_Straight.fbx using Guid(1a07ed1dbd440384c89497a167bde353) Importer(815301076,1909f56bfc062723c751e8b465ee728b)  -> (artifact id: 'b78dcf40b029c5b69556102875ad2496') in 0.026741 seconds 
  Import took 0.030349 seconds .

========================================================================
Received Import Request.
  Time since last request: 0.000306 seconds.
  path: Assets/Models/Corridor/Wall_Window_01.fbx
  artifactKey: Guid(2ab013d357382c5429b04e925bca86c9) Importer(815301076,1909f56bfc062723c751e8b465ee728b)
Start importing Assets/Models/Corridor/Wall_Window_01.fbx using Guid(2ab013d357382c5429b04e925bca86c9) Importer(815301076,1909f56bfc062723c751e8b465ee728b)  -> (artifact id: '3ae61c703b21ec683ac0d323cd7d9097') in 0.023935 seconds 
  Import took 0.027153 seconds .

========================================================================
Received Import Request.
  Time since last request: 0.000262 seconds.
  path: Assets/Models/Corridor/Wall_Straight_02.fbx
  artifactKey: Guid(241f3dc7f2ed74d40a90ce43df5e2f23) Importer(815301076,1909f56bfc062723c751e8b465ee728b)
Start importing Assets/Models/Corridor/Wall_Straight_02.fbx using Guid(241f3dc7f2ed74d40a90ce43df5e2f23) Importer(815301076,1909f56bfc062723c751e8b465ee728b)  -> (artifact id: '33740a483c8447c8740189dd338e1925') in 0.024361 seconds 
  Import took 0.027761 seconds .

========================================================================
Received Import Request.
  Time since last request: 0.000241 seconds.
  path: Assets/Models/Corridor/PictureFrame_CatLady.FBX
  artifactKey: Guid(913d61a5ca2d96d43ba1c709260d55a7) Importer(815301076,1909f56bfc062723c751e8b465ee728b)
Start importing Assets/Models/Corridor/PictureFrame_CatLady.FBX using Guid(913d61a5ca2d96d43ba1c709260d55a7) Importer(815301076,1909f56bfc062723c751e8b465ee728b)  -> (artifact id: 'a912457893d8e87202c4f077cf90c740') in 0.020045 seconds 
  Import took 0.022836 seconds .

========================================================================
Received Import Request.
  Time since last request: 0.000216 seconds.
  path: Assets/Models/Corridor/Light.FBX
  artifactKey: Guid(fc0082b7f28474047b0d08e22d9a0a06) Importer(815301076,1909f56bfc062723c751e8b465ee728b)
Start importing Assets/Models/Corridor/Light.FBX using Guid(fc0082b7f28474047b0d08e22d9a0a06) Importer(815301076,1909f56bfc062723c751e8b465ee728b)  -> (artifact id: 'baf590dbd38a4230b271c4e9d8101534') in 0.129638 seconds 
  Import took 0.132890 seconds .

========================================================================
Received Import Request.
  Time since last request: 0.000328 seconds.
  path: Assets/Models/Corridor/Wall_Corner_Interior.fbx
  artifactKey: Guid(9da5aa368549f3e4883e3ca4b3ed05b8) Importer(815301076,1909f56bfc062723c751e8b465ee728b)
Start importing Assets/Models/Corridor/Wall_Corner_Interior.fbx using Guid(9da5aa368549f3e4883e3ca4b3ed05b8) Importer(815301076,1909f56bfc062723c751e8b465ee728b)  -> (artifact id: 'ac5f1a718017b83184b3747ce86527e6') in 0.027224 seconds 
  Import took 0.030828 seconds .

========================================================================
Received Import Request.
  Time since last request: 0.000400 seconds.
  path: Assets/Models/Corridor/Door.FBX
  artifactKey: Guid(4f50f81dc956a044fa3c905056d1cc4d) Importer(815301076,1909f56bfc062723c751e8b465ee728b)
Start importing Assets/Models/Corridor/Door.FBX using Guid(4f50f81dc956a044fa3c905056d1cc4d) Importer(815301076,1909f56bfc062723c751e8b465ee728b)  -> (artifact id: 'cde324047b76859c386cbd8d96e86c58') in 0.025547 seconds 
  Import took 0.029333 seconds .

========================================================================
Received Import Request.
  Time since last request: 0.000292 seconds.
  path: Assets/Models/Corridor/PictureFrame_GhostMan.FBX
  artifactKey: Guid(ff679918594d2cb44996e920ec16ca62) Importer(815301076,1909f56bfc062723c751e8b465ee728b)
Start importing Assets/Models/Corridor/PictureFrame_GhostMan.FBX using Guid(ff679918594d2cb44996e920ec16ca62) Importer(815301076,1909f56bfc062723c751e8b465ee728b)  -> (artifact id: '26fcbadadd38fbd872d752007a24a5ed') in 0.020806 seconds 
  Import took 0.024133 seconds .

========================================================================
Received Import Request.
  Time since last request: 0.000287 seconds.
  path: Assets/Models/Corridor/Wall_Corner_Exterior_In.fbx
  artifactKey: Guid(ce7c02c9dadf6a6469afbcc32ab786ca) Importer(815301076,1909f56bfc062723c751e8b465ee728b)
Start importing Assets/Models/Corridor/Wall_Corner_Exterior_In.fbx using Guid(ce7c02c9dadf6a6469afbcc32ab786ca) Importer(815301076,1909f56bfc062723c751e8b465ee728b)  -> (artifact id: 'b5fa974c95877a9799854a4c302886ba') in 0.022564 seconds 
  Import took 0.027356 seconds .

========================================================================
Received Import Request.
  Time since last request: 0.000310 seconds.
  path: Assets/Models/Corridor/Wall_Corner_Exterior_Out.fbx
  artifactKey: Guid(8a4dc94854ea93147b8b87b7df72a8c1) Importer(815301076,1909f56bfc062723c751e8b465ee728b)
Start importing Assets/Models/Corridor/Wall_Corner_Exterior_Out.fbx using Guid(8a4dc94854ea93147b8b87b7df72a8c1) Importer(815301076,1909f56bfc062723c751e8b465ee728b)  -> (artifact id: 'b18a46b3bfa593c1d9ba9db83e62d10f') in 0.023878 seconds 
  Import took 0.027158 seconds .

========================================================================
Received Import Request.
  Time since last request: 0.000220 seconds.
  path: Assets/Models/Corridor/Wall_Straight_Exterior_01.fbx
  artifactKey: Guid(1d270d22136a7e64eabcf39aaaedb613) Importer(815301076,1909f56bfc062723c751e8b465ee728b)
Start importing Assets/Models/Corridor/Wall_Straight_Exterior_01.fbx using Guid(1d270d22136a7e64eabcf39aaaedb613) Importer(815301076,1909f56bfc062723c751e8b465ee728b)  -> (artifact id: 'b1921d2ab5b4acd0698be56bd1779541') in 0.019520 seconds 
  Import took 0.024021 seconds .

========================================================================
Received Import Request.
  Time since last request: 0.000206 seconds.
  path: Assets/Models/Corridor/FloorPlane.fbx
  artifactKey: Guid(79ec22444806b2e4dafc0b51ad057fa1) Importer(815301076,1909f56bfc062723c751e8b465ee728b)
Start importing Assets/Models/Corridor/FloorPlane.fbx using Guid(79ec22444806b2e4dafc0b51ad057fa1) Importer(815301076,1909f56bfc062723c751e8b465ee728b)  -> (artifact id: '930c83b1d706e03dfa7636b17245b169') in 0.026549 seconds 
  Import took 0.030544 seconds .

========================================================================
Received Import Request.
  Time since last request: 0.000229 seconds.
  path: Assets/Models/Corridor/Wall_Proto.fbx
  artifactKey: Guid(b65c279af989311408555e47592fb528) Importer(815301076,1909f56bfc062723c751e8b465ee728b)
Start importing Assets/Models/Corridor/Wall_Proto.fbx using Guid(b65c279af989311408555e47592fb528) Importer(815301076,1909f56bfc062723c751e8b465ee728b)  -> (artifact id: 'fc1869e5614e49526c454641de222f51') in 0.022757 seconds 
  Import took 0.026950 seconds .

========================================================================
Received Import Request.
  Time since last request: 0.000240 seconds.
  path: Assets/Models/Corridor/FloorPlane.fbx
  artifactKey: Guid(79ec22444806b2e4dafc0b51ad057fa1) Importer(815301076,1909f56bfc062723c751e8b465ee728b)
Start importing Assets/Models/Corridor/FloorPlane.fbx using Guid(79ec22444806b2e4dafc0b51ad057fa1) Importer(815301076,1909f56bfc062723c751e8b465ee728b)  -> (artifact id: '930c83b1d706e03dfa7636b17245b169') in 0.020849 seconds 
  Import took 0.024618 seconds .

========================================================================
Received Import Request.
  Time since last request: 0.000239 seconds.
  path: Assets/Models/Corridor/Wall_Straight_Exterior_03.fbx
  artifactKey: Guid(c11d870118a768c4e9205040e2d8503b) Importer(815301076,1909f56bfc062723c751e8b465ee728b)
Start importing Assets/Models/Corridor/Wall_Straight_Exterior_03.fbx using Guid(c11d870118a768c4e9205040e2d8503b) Importer(815301076,1909f56bfc062723c751e8b465ee728b)  -> (artifact id: '2c97f295dace990c25a31e071364c6d5') in 0.021322 seconds 
  Import took 0.025046 seconds .

========================================================================
Received Import Request.
  Time since last request: 0.000225 seconds.
  path: Assets/Models/Corridor/Wall_Straight_Exterior_02.fbx
  artifactKey: Guid(6a0625cedbf7c6c4c8b9c31e537a9403) Importer(815301076,1909f56bfc062723c751e8b465ee728b)
Start importing Assets/Models/Corridor/Wall_Straight_Exterior_02.fbx using Guid(6a0625cedbf7c6c4c8b9c31e537a9403) Importer(815301076,1909f56bfc062723c751e8b465ee728b)  -> (artifact id: '55b706ef13c8c8873ad649a51ea35a1d') in 0.022305 seconds 
  Import took 0.026514 seconds .

========================================================================
Received Import Request.
  Time since last request: 0.000217 seconds.
  path: Assets/Models/Corridor/PictureFrame_MrMan.FBX
  artifactKey: Guid(2a56ae9ef7aa4654a96f73bda9a4c2c6) Importer(815301076,1909f56bfc062723c751e8b465ee728b)
Start importing Assets/Models/Corridor/PictureFrame_MrMan.FBX using Guid(2a56ae9ef7aa4654a96f73bda9a4c2c6) Importer(815301076,1909f56bfc062723c751e8b465ee728b)  -> (artifact id: 'eff14ae6599f7510f3ee4cfd87b9803c') in 0.020953 seconds 
  Import took 0.025029 seconds .

========================================================================
Received Import Request.
  Time since last request: 0.000215 seconds.
  path: Assets/Models/Corridor/PictureFrame_StraightThin.FBX
  artifactKey: Guid(2de78e17331d71b49bd26432f0301b13) Importer(815301076,1909f56bfc062723c751e8b465ee728b)
Start importing Assets/Models/Corridor/PictureFrame_StraightThin.FBX using Guid(2de78e17331d71b49bd26432f0301b13) Importer(815301076,1909f56bfc062723c751e8b465ee728b)  -> (artifact id: '4fb7f6d0ed557fbbedc65be202a37e96') in 0.021059 seconds 
  Import took 0.025125 seconds .

========================================================================
Received Import Request.
  Time since last request: 0.000280 seconds.
  path: Assets/Models/Corridor/Wall_Straight_01.fbx
  artifactKey: Guid(ca04dfc6bbf3c2e4a9601d58495fff52) Importer(815301076,1909f56bfc062723c751e8b465ee728b)
Start importing Assets/Models/Corridor/Wall_Straight_01.fbx using Guid(ca04dfc6bbf3c2e4a9601d58495fff52) Importer(815301076,1909f56bfc062723c751e8b465ee728b)  -> (artifact id: '2044e0bd97213765e652e2d1d3e774e1') in 0.023950 seconds 
  Import took 0.028054 seconds .

========================================================================
Received Import Request.
  Time since last request: 0.000244 seconds.
  path: Assets/Models/Corridor/Wall_Straight_Exterior_04.fbx
  artifactKey: Guid(cb016b5198f6c0f488522ffdfe7f2cd0) Importer(815301076,1909f56bfc062723c751e8b465ee728b)
Start importing Assets/Models/Corridor/Wall_Straight_Exterior_04.fbx using Guid(cb016b5198f6c0f488522ffdfe7f2cd0) Importer(815301076,1909f56bfc062723c751e8b465ee728b)  -> (artifact id: '17e2c2ae4b0215d8ac9b32f372e730d4') in 0.021700 seconds 
  Import took 0.025910 seconds .

========================================================================
Received Import Request.
  Time since last request: 0.000240 seconds.
  path: Assets/Models/Corridor/PictureFrame_Curvy.FBX
  artifactKey: Guid(5fc70289fcf1df046a32d969758ff20c) Importer(815301076,1909f56bfc062723c751e8b465ee728b)
Start importing Assets/Models/Corridor/PictureFrame_Curvy.FBX using Guid(5fc70289fcf1df046a32d969758ff20c) Importer(815301076,1909f56bfc062723c751e8b465ee728b)  -> (artifact id: '7483c6a91dacea748dd2671ba29e027b') in 0.019339 seconds 
  Import took 0.022663 seconds .

========================================================================
Received Import Request.
  Time since last request: 0.002439 seconds.
  path: Assets/Models/Corridor/PictureFrame_Curvy.FBX
  artifactKey: Guid(5fc70289fcf1df046a32d969758ff20c) Importer(815301076,1909f56bfc062723c751e8b465ee728b)
Start importing Assets/Models/Corridor/PictureFrame_Curvy.FBX using Guid(5fc70289fcf1df046a32d969758ff20c) Importer(815301076,1909f56bfc062723c751e8b465ee728b)  -> (artifact id: '7483c6a91dacea748dd2671ba29e027b') in 0.018728 seconds 
  Import took 0.022160 seconds .

========================================================================
Received Prepare
Registering precompiled user dll's ...
Registered in 0.006805 seconds.
Begin MonoManager ReloadAssembly
Native extension for Lumin target not found
Native extension for LinuxStandalone target not found
Native extension for WindowsStandalone target not found
Native extension for OSXStandalone target not found
Native extension for WebGL target not found
Refreshing native plugins compatible for Editor in 0.57 ms, found 2 plugins.
Preloading 0 native plugins for Editor in 0.00 ms.
Mono: successfully reloaded assembly
- Completed reload, in  0.912 seconds
Platform modules already initialized, skipping
Refreshing native plugins compatible for Editor in 0.60 ms, found 2 plugins.
Preloading 0 native plugins for Editor in 0.00 ms.
Unloading 2225 Unused Serialized files (Serialized files now loaded: 0)
System memory in use before: 102.1 MB.
System memory in use after: 100.3 MB.

Unloading 58 unused Assets to reduce memory usage. Loaded Objects now: 2709.
Total: 3.627700 ms (FindLiveObjects: 0.234600 ms CreateObjectMapping: 0.077200 ms MarkObjects: 1.974000 ms  DeleteObjects: 1.340900 ms)

AssetImportParameters requested are different than current active one (requested -> active):
  custom:framework-win-MediaFoundation: 216162199b28c13a410421893ffa2e32 -> 
  custom:video-decoder-ogg-theora: a1e56fd34408186e4bbccfd4996cb3dc -> 
  custom:container-muxer-webm: aa71ff27fc2769a1b78a27578f13a17b -> 
  custom:container-demuxer-webm: 4f35f7cbe854078d1ac9338744f61a02 -> 
  custom:container-demuxer-ogg: 62fdf1f143b41e24485cea50d1cbac27 -> 
  custom:video-encoder-webm-vp8: eb34c28f22e8b96e1ab97ce403110664 -> 
  custom:video-decoder-webm-vp8: 9c59270c3fd7afecdb556c50c9e8de78 -> 
  custom:audio-decoder-ogg-vorbis: bf7c407c2cedff20999df2af8eb42d56 -> 
  custom:audio-encoder-webm-vorbis: bf7c407c2cedff20999df2af8eb42d56 -> 
========================================================================
Received Import Request.
  Time since last request: 602.519525 seconds.
  path: Assets/Materials
  artifactKey: Guid(3f0f264239b4ea943937dd9d0fc60963) Importer(815301076,1909f56bfc062723c751e8b465ee728b)
Start importing Assets/Materials using Guid(3f0f264239b4ea943937dd9d0fc60963) Importer(815301076,1909f56bfc062723c751e8b465ee728b)  -> (artifact id: '7b01e3a74428b555a1019894974b99ae') in 0.012154 seconds 
  Import took 0.016738 seconds .

========================================================================
Received Import Request.
  Time since last request: 3.565191 seconds.
  path: Assets/Materials/Corridor
  artifactKey: Guid(9fa06ee7d138a7d4d995a442613c2f36) Importer(815301076,1909f56bfc062723c751e8b465ee728b)
Start importing Assets/Materials/Corridor using Guid(9fa06ee7d138a7d4d995a442613c2f36) Importer(815301076,1909f56bfc062723c751e8b465ee728b)  -> (artifact id: 'c3684e3f39e11a8bcf486df1fea2c35b') in 0.006558 seconds 
  Import took 0.010260 seconds .

========================================================================
Received Import Request.
  Time since last request: 0.726634 seconds.
  path: Assets/Materials/Corridor/Door_Post.mat
  artifactKey: Guid(78a0737fcaa84b14d9527b1565fc5488) Importer(815301076,1909f56bfc062723c751e8b465ee728b)
Start importing Assets/Materials/Corridor/Door_Post.mat using Guid(78a0737fcaa84b14d9527b1565fc5488) Importer(815301076,1909f56bfc062723c751e8b465ee728b)  -> (artifact id: 'fe744f8020f2133cf9eae3d24c4ba6cc') in 0.068006 seconds 
  Import took 0.072396 seconds .

========================================================================
Received Import Request.
  Time since last request: 0.000366 seconds.
  path: Assets/Materials/Corridor/PictureFrame.mat
  artifactKey: Guid(e709f83e862ff314e8258b7a60c45ce2) Importer(815301076,1909f56bfc062723c751e8b465ee728b)
Start importing Assets/Materials/Corridor/PictureFrame.mat using Guid(e709f83e862ff314e8258b7a60c45ce2) Importer(815301076,1909f56bfc062723c751e8b465ee728b)  -> (artifact id: '289b8e54fbc4e88cb0ad95e66acebd98') in 0.017768 seconds 
  Import took 0.021164 seconds .

========================================================================
Received Import Request.
  Time since last request: 0.000344 seconds.
  path: Assets/Materials/Corridor/Rugs.mat
  artifactKey: Guid(f5b8db6c5de6a6a4984f8dd09c302b59) Importer(815301076,1909f56bfc062723c751e8b465ee728b)
Start importing Assets/Materials/Corridor/Rugs.mat using Guid(f5b8db6c5de6a6a4984f8dd09c302b59) Importer(815301076,1909f56bfc062723c751e8b465ee728b)  -> (artifact id: 'c973f139340a896dc6172ae28eab54b4') in 0.016540 seconds 
  Import took 0.021344 seconds .

========================================================================
Received Import Request.
  Time since last request: 0.000292 seconds.
  path: Assets/Materials/Corridor/Light.mat
  artifactKey: Guid(f8576e77e5ebf4b49ae5475f634ed53b) Importer(815301076,1909f56bfc062723c751e8b465ee728b)
Start importing Assets/Materials/Corridor/Light.mat using Guid(f8576e77e5ebf4b49ae5475f634ed53b) Importer(815301076,1909f56bfc062723c751e8b465ee728b)  -> (artifact id: '6dcfe804501712e1971f8a8473a6b983') in 0.018953 seconds 
  Import took 0.022639 seconds .

========================================================================
Received Import Request.
  Time since last request: 0.000300 seconds.
  path: Assets/Materials/Corridor/Wall_Corridor.mat
  artifactKey: Guid(b6a0ac0240204cb4ea4b84d1e2dab2b5) Importer(815301076,1909f56bfc062723c751e8b465ee728b)
Start importing Assets/Materials/Corridor/Wall_Corridor.mat using Guid(b6a0ac0240204cb4ea4b84d1e2dab2b5) Importer(815301076,1909f56bfc062723c751e8b465ee728b)  -> (artifact id: '802f83654a5e83dc06f36a553b70b072') in 0.019537 seconds 
  Import took 0.023139 seconds .

========================================================================
Received Import Request.
  Time since last request: 0.000304 seconds.
  path: Assets/Materials/Corridor/Window.mat
  artifactKey: Guid(5d7f4ca07121e414288c4908a4803bed) Importer(815301076,1909f56bfc062723c751e8b465ee728b)
Start importing Assets/Materials/Corridor/Window.mat using Guid(5d7f4ca07121e414288c4908a4803bed) Importer(815301076,1909f56bfc062723c751e8b465ee728b)  -> (artifact id: '122877df74745642ac47d092631a6d1b') in 0.016410 seconds 
  Import took 0.020601 seconds .

========================================================================
Received Import Request.
  Time since last request: 0.000271 seconds.
  path: Assets/Materials/Corridor/Floor.mat
  artifactKey: Guid(059e99a55d1d3614ebfbdffbbe2e3e25) Importer(815301076,1909f56bfc062723c751e8b465ee728b)
Start importing Assets/Materials/Corridor/Floor.mat using Guid(059e99a55d1d3614ebfbdffbbe2e3e25) Importer(815301076,1909f56bfc062723c751e8b465ee728b)  -> (artifact id: '282641b653c69e69bc247f5dbb855e50') in 0.015609 seconds 
  Import took 0.019047 seconds .

========================================================================
Received Import Request.
  Time since last request: 0.000318 seconds.
  path: Assets/Materials/Corridor/Light_Glass.mat
  artifactKey: Guid(d50d52e4c69a3cf45bf45594297ca6c4) Importer(815301076,1909f56bfc062723c751e8b465ee728b)
Start importing Assets/Materials/Corridor/Light_Glass.mat using Guid(d50d52e4c69a3cf45bf45594297ca6c4) Importer(815301076,1909f56bfc062723c751e8b465ee728b)  -> (artifact id: '02b2508165acb4e1bf7ac075da862d10') in 0.272038 seconds 
  Import took 0.275227 seconds .

========================================================================
Received Import Request.
  Time since last request: 72.874166 seconds.
  path: Assets/Materials/VFX
  artifactKey: Guid(4bd7fa3ff3f6ed44dacdf08d77e9f34f) Importer(815301076,1909f56bfc062723c751e8b465ee728b)
Start importing Assets/Materials/VFX using Guid(4bd7fa3ff3f6ed44dacdf08d77e9f34f) Importer(815301076,1909f56bfc062723c751e8b465ee728b)  -> (artifact id: '7b56a73fb27ebc8bbc330f95c05743fc') in 0.006900 seconds 
  Import took 0.010242 seconds .

========================================================================
Received Import Request.
  Time since last request: 0.025328 seconds.
  path: Assets/Materials/VFX/CandleFlame.mat
  artifactKey: Guid(d960d897cdc819041a73dceb80befb85) Importer(815301076,1909f56bfc062723c751e8b465ee728b)
Start importing Assets/Materials/VFX/CandleFlame.mat using Guid(d960d897cdc819041a73dceb80befb85) Importer(815301076,1909f56bfc062723c751e8b465ee728b)  -> (artifact id: '2996b59b2fc92d4cf47f12515dd6af9f') in 0.090939 seconds 
  Import took 0.094283 seconds .

========================================================================
Received Import Request.
  Time since last request: 0.000385 seconds.
  path: Assets/Materials/VFX/WaterDropSmall.mat
  artifactKey: Guid(c4d4365c3eeb8a54183f5af15699021d) Importer(815301076,1909f56bfc062723c751e8b465ee728b)
Start importing Assets/Materials/VFX/WaterDropSmall.mat using Guid(c4d4365c3eeb8a54183f5af15699021d) Importer(815301076,1909f56bfc062723c751e8b465ee728b)  -> (artifact id: '243a7f5e010d5df3b571d048a7211b62') in 1.744445 seconds 
  Import took 1.747925 seconds .

========================================================================
Received Import Request.
  Time since last request: 0.000287 seconds.
  path: Assets/Materials/VFX/PlaneFog.mat
  artifactKey: Guid(061fb137bedaf3e4fad039b9006afa93) Importer(815301076,1909f56bfc062723c751e8b465ee728b)
Start importing Assets/Materials/VFX/PlaneFog.mat using Guid(061fb137bedaf3e4fad039b9006afa93) Importer(815301076,1909f56bfc062723c751e8b465ee728b)  -> (artifact id: '8bb54729273f046547ead18400b87edf') in 0.016626 seconds 
  Import took 0.020684 seconds .

========================================================================
Received Import Request.
  Time since last request: 0.000290 seconds.
  path: Assets/Materials/VFX/Skybox.mat
  artifactKey: Guid(6ee0d89101b323c4ea17b397eea7fb49) Importer(815301076,1909f56bfc062723c751e8b465ee728b)
Start importing Assets/Materials/VFX/Skybox.mat using Guid(6ee0d89101b323c4ea17b397eea7fb49) Importer(815301076,1909f56bfc062723c751e8b465ee728b)  -> (artifact id: '4d1843003c992d47e982c0fef771634b') in 0.014669 seconds 
  Import took 0.018436 seconds .

========================================================================
Received Import Request.
  Time since last request: 0.000358 seconds.
  path: Assets/Materials/VFX/Emissive.mat
  artifactKey: Guid(effb672a2c71f0c40b7b1960d798968a) Importer(815301076,1909f56bfc062723c751e8b465ee728b)
Start importing Assets/Materials/VFX/Emissive.mat using Guid(effb672a2c71f0c40b7b1960d798968a) Importer(815301076,1909f56bfc062723c751e8b465ee728b)  -> (artifact id: '9541cf2fa38294704f773822580ac311') in 0.265625 seconds 
  Import took 0.269197 seconds .

========================================================================
Received Import Request.
  Time since last request: 0.000359 seconds.
  path: Assets/Materials/VFX/DustMote.mat
  artifactKey: Guid(e27a3e2f84809914fa5bf3a7ac14ce9f) Importer(815301076,1909f56bfc062723c751e8b465ee728b)
Start importing Assets/Materials/VFX/DustMote.mat using Guid(e27a3e2f84809914fa5bf3a7ac14ce9f) Importer(815301076,1909f56bfc062723c751e8b465ee728b)  -> (artifact id: '076da7ce7b1bdd56a5650e53f53086fd') in 0.055661 seconds 
  Import took 0.058879 seconds .

========================================================================
Received Import Request.
  Time since last request: 0.000328 seconds.
  path: Assets/Materials/VFX/Steam.mat
  artifactKey: Guid(4cd7f6cf6430b2347803bd0c957fbbce) Importer(815301076,1909f56bfc062723c751e8b465ee728b)
Start importing Assets/Materials/VFX/Steam.mat using Guid(4cd7f6cf6430b2347803bd0c957fbbce) Importer(815301076,1909f56bfc062723c751e8b465ee728b)  -> (artifact id: '08dcc91198040a5d9ca9a620d782705a') in 0.113413 seconds 
  Import took 0.116715 seconds .

========================================================================
Received Import Request.
  Time since last request: 0.000420 seconds.
  path: Assets/Materials/VFX/Splash.mat
  artifactKey: Guid(e9f88b6d5b7b7f24c8b3dc6b70f06653) Importer(815301076,1909f56bfc062723c751e8b465ee728b)
Start importing Assets/Materials/VFX/Splash.mat using Guid(e9f88b6d5b7b7f24c8b3dc6b70f06653) Importer(815301076,1909f56bfc062723c751e8b465ee728b)  -> (artifact id: 'f2934c83acd5bc7d1462048b5ab1ad1d') in 1.521096 seconds 
  Import took 1.524311 seconds .

========================================================================
Received Import Request.
  Time since last request: 1.168920 seconds.
  path: Assets/Materials/DiningRoom
  artifactKey: Guid(f65dce63a26f9c946b84a9626e4fa878) Importer(815301076,1909f56bfc062723c751e8b465ee728b)
Start importing Assets/Materials/DiningRoom using Guid(f65dce63a26f9c946b84a9626e4fa878) Importer(815301076,1909f56bfc062723c751e8b465ee728b)  -> (artifact id: 'b27866f43080c80c1d87f4a211e82a37') in 0.006965 seconds 
  Import took 0.010413 seconds .

========================================================================
Received Import Request.
  Time since last request: 0.041789 seconds.
  path: Assets/Materials/DiningRoom/CandleStick.mat
  artifactKey: Guid(8d2cd8bfb9126c744ba6ef80defb2620) Importer(815301076,1909f56bfc062723c751e8b465ee728b)
Start importing Assets/Materials/DiningRoom/CandleStick.mat using Guid(8d2cd8bfb9126c744ba6ef80defb2620) Importer(815301076,1909f56bfc062723c751e8b465ee728b)  -> (artifact id: '6d39adb83ed4c4b5fcbd9d203d907eed') in 0.013528 seconds 
  Import took 0.017435 seconds .

========================================================================
Received Import Request.
  Time since last request: 0.000381 seconds.
  path: Assets/Materials/DiningRoom/Wall_Diningroom.mat
  artifactKey: Guid(af5618451dbad9c4a913f502e5c7df1e) Importer(815301076,1909f56bfc062723c751e8b465ee728b)
Start importing Assets/Materials/DiningRoom/Wall_Diningroom.mat using Guid(af5618451dbad9c4a913f502e5c7df1e) Importer(815301076,1909f56bfc062723c751e8b465ee728b)  -> (artifact id: 'e4097f6232318b37fcf1f62fea232c99') in 0.016589 seconds 
  Import took 0.019979 seconds .

========================================================================
Received Import Request.
  Time since last request: 0.000344 seconds.
  path: Assets/Materials/DiningRoom/Fireplace.mat
  artifactKey: Guid(544283c42b7173849a938d1ac4cd9568) Importer(815301076,1909f56bfc062723c751e8b465ee728b)
Start importing Assets/Materials/DiningRoom/Fireplace.mat using Guid(544283c42b7173849a938d1ac4cd9568) Importer(815301076,1909f56bfc062723c751e8b465ee728b)  -> (artifact id: 'a43e60e9de8236e6e454fe419309cc50') in 0.014913 seconds 
  Import took 0.019225 seconds .

========================================================================
Received Import Request.
  Time since last request: 0.000337 seconds.
  path: Assets/Materials/DiningRoom/Table.mat
  artifactKey: Guid(147dac9aa1b5dd149a5ad652019e5ac8) Importer(815301076,1909f56bfc062723c751e8b465ee728b)
Start importing Assets/Materials/DiningRoom/Table.mat using Guid(147dac9aa1b5dd149a5ad652019e5ac8) Importer(815301076,1909f56bfc062723c751e8b465ee728b)  -> (artifact id: 'b7031dbf0e7e372a15bcd6c5b26d5091') in 0.017483 seconds 
  Import took 0.021068 seconds .

========================================================================
Received Import Request.
  Time since last request: 0.000282 seconds.
  path: Assets/Materials/DiningRoom/Clock.mat
  artifactKey: Guid(8d2783b3e3276774b8ee18214091ac89) Importer(815301076,1909f56bfc062723c751e8b465ee728b)
Start importing Assets/Materials/DiningRoom/Clock.mat using Guid(8d2783b3e3276774b8ee18214091ac89) Importer(815301076,1909f56bfc062723c751e8b465ee728b)  -> (artifact id: 'bb0da0e6893d15f1e861cdaae02c12b8') in 0.014615 seconds 
  Import took 0.018332 seconds .

========================================================================
Received Import Request.
  Time since last request: 0.000290 seconds.
  path: Assets/Materials/DiningRoom/Monster_Lamp.mat
  artifactKey: Guid(a63ef733125d6e04394962301d501be9) Importer(815301076,1909f56bfc062723c751e8b465ee728b)
Start importing Assets/Materials/DiningRoom/Monster_Lamp.mat using Guid(a63ef733125d6e04394962301d501be9) Importer(815301076,1909f56bfc062723c751e8b465ee728b)  -> (artifact id: 'a19f1b408f92801b558061a9f1318ab3') in 0.015880 seconds 
  Import took 0.021985 seconds .

========================================================================
Received Import Request.
  Time since last request: 0.000348 seconds.
  path: Assets/Materials/DiningRoom/Chair.mat
  artifactKey: Guid(41a54a7b601421848ac1ee00bed0c867) Importer(815301076,1909f56bfc062723c751e8b465ee728b)
Start importing Assets/Materials/DiningRoom/Chair.mat using Guid(41a54a7b601421848ac1ee00bed0c867) Importer(815301076,1909f56bfc062723c751e8b465ee728b)  -> (artifact id: '81c4275e933c416806f87377f587da07') in 0.014396 seconds 
  Import took 0.018554 seconds .

========================================================================
Received Import Request.
  Time since last request: 0.000338 seconds.
  path: Assets/Materials/DiningRoom/Floor.mat
  artifactKey: Guid(060e5db52eac3d945bda1acfb5e7c4bb) Importer(815301076,1909f56bfc062723c751e8b465ee728b)
Start importing Assets/Materials/DiningRoom/Floor.mat using Guid(060e5db52eac3d945bda1acfb5e7c4bb) Importer(815301076,1909f56bfc062723c751e8b465ee728b)  -> (artifact id: 'b766299a359f36087b93570da4f272d3') in 0.016872 seconds 
  Import took 0.021490 seconds .

========================================================================
Received Import Request.
  Time since last request: 7.329308 seconds.
  path: Assets/Materials/BedRoom
  artifactKey: Guid(df088605517532d4492b7c1a00de3ae6) Importer(815301076,1909f56bfc062723c751e8b465ee728b)
Start importing Assets/Materials/BedRoom using Guid(df088605517532d4492b7c1a00de3ae6) Importer(815301076,1909f56bfc062723c751e8b465ee728b)  -> (artifact id: 'eb09733bcbc6655652e66d1a26a26344') in 0.006930 seconds 
  Import took 0.010359 seconds .

========================================================================
Received Import Request.
  Time since last request: 0.056903 seconds.
  path: Assets/Materials/BedRoom/Bed.mat
  artifactKey: Guid(f9b5ce623b689d74d8e935a8c979ffc0) Importer(815301076,1909f56bfc062723c751e8b465ee728b)
Start importing Assets/Materials/BedRoom/Bed.mat using Guid(f9b5ce623b689d74d8e935a8c979ffc0) Importer(815301076,1909f56bfc062723c751e8b465ee728b)  -> (artifact id: '2670d0554466c22ad1bc9a68e14a5080') in 0.014294 seconds 
  Import took 0.018245 seconds .

========================================================================
Received Import Request.
  Time since last request: 0.000385 seconds.
  path: Assets/Materials/BedRoom/Wall_Bedroom.mat
  artifactKey: Guid(a1d7f57e6086c9a4bb159a2e0cfb2228) Importer(815301076,1909f56bfc062723c751e8b465ee728b)
Start importing Assets/Materials/BedRoom/Wall_Bedroom.mat using Guid(a1d7f57e6086c9a4bb159a2e0cfb2228) Importer(815301076,1909f56bfc062723c751e8b465ee728b)  -> (artifact id: '1298823c6b722200b7a5f0f692afbb92') in 0.016134 seconds 
  Import took 0.020515 seconds .

========================================================================
Received Import Request.
  Time since last request: 0.000300 seconds.
  path: Assets/Materials/BedRoom/Wardrobe.mat
  artifactKey: Guid(9e2335d028e7ab645970536c61cf4aac) Importer(815301076,1909f56bfc062723c751e8b465ee728b)
Start importing Assets/Materials/BedRoom/Wardrobe.mat using Guid(9e2335d028e7ab645970536c61cf4aac) Importer(815301076,1909f56bfc062723c751e8b465ee728b)  -> (artifact id: 'c5c9f0c20e46af5d643dd66cb37b8f52') in 0.014870 seconds 
  Import took 0.019122 seconds .

========================================================================
Received Import Request.
  Time since last request: 0.000358 seconds.
  path: Assets/Materials/BedRoom/Bedside.mat
  artifactKey: Guid(3c953e27c072d4148887dc773952671a) Importer(815301076,1909f56bfc062723c751e8b465ee728b)
Start importing Assets/Materials/BedRoom/Bedside.mat using Guid(3c953e27c072d4148887dc773952671a) Importer(815301076,1909f56bfc062723c751e8b465ee728b)  -> (artifact id: 'a713ce6df93cd154a73b39faccdb4802') in 0.015097 seconds 
  Import took 0.018899 seconds .

========================================================================
Received Import Request.
  Time since last request: 0.000297 seconds.
  path: Assets/Materials/BedRoom/Floor.mat
  artifactKey: Guid(2bfd182a00290924abf99a86daf1e23c) Importer(815301076,1909f56bfc062723c751e8b465ee728b)
Start importing Assets/Materials/BedRoom/Floor.mat using Guid(2bfd182a00290924abf99a86daf1e23c) Importer(815301076,1909f56bfc062723c751e8b465ee728b)  -> (artifact id: 'a145b61d4c3bb0b4190063fc919bc195') in 0.016925 seconds 
  Import took 0.021336 seconds .

========================================================================
Received Import Request.
  Time since last request: 8.161971 seconds.
  path: Assets/Materials/Bathroom
  artifactKey: Guid(4972576ca289f7f4986387ce2270aa2d) Importer(815301076,1909f56bfc062723c751e8b465ee728b)
Start importing Assets/Materials/Bathroom using Guid(4972576ca289f7f4986387ce2270aa2d) Importer(815301076,1909f56bfc062723c751e8b465ee728b)  -> (artifact id: '7a02ab9a7f83cd1e56ea9336a43a1e5d') in 0.006977 seconds 
  Import took 0.010637 seconds .

========================================================================
Received Import Request.
  Time since last request: 0.003210 seconds.
  path: Assets/Materials/Bathroom/Bathtub.mat
  artifactKey: Guid(b80a9d3765165844c9e6e6505f6d511c) Importer(815301076,1909f56bfc062723c751e8b465ee728b)
Start importing Assets/Materials/Bathroom/Bathtub.mat using Guid(b80a9d3765165844c9e6e6505f6d511c) Importer(815301076,1909f56bfc062723c751e8b465ee728b)  -> (artifact id: '085d0415c6aad9537e618d8bdfbcb955') in 0.016350 seconds 
  Import took 0.020336 seconds .

========================================================================
Received Import Request.
  Time since last request: 0.000421 seconds.
  path: Assets/Materials/Bathroom/Bathtub_Leg.mat
  artifactKey: Guid(11bfd79fc51953c41bdf8fde66fa099f) Importer(815301076,1909f56bfc062723c751e8b465ee728b)
Start importing Assets/Materials/Bathroom/Bathtub_Leg.mat using Guid(11bfd79fc51953c41bdf8fde66fa099f) Importer(815301076,1909f56bfc062723c751e8b465ee728b)  -> (artifact id: '33ca11d5f4333669980896d1d5dc98d4') in 0.380049 seconds 
  Import took 0.384149 seconds .

========================================================================
Received Import Request.
  Time since last request: 0.000310 seconds.
  path: Assets/Materials/Bathroom/Pipes.mat
  artifactKey: Guid(b1512eb4ac821d144a9ed308b1f32108) Importer(815301076,1909f56bfc062723c751e8b465ee728b)
Start importing Assets/Materials/Bathroom/Pipes.mat using Guid(b1512eb4ac821d144a9ed308b1f32108) Importer(815301076,1909f56bfc062723c751e8b465ee728b)  -> (artifact id: '8ba07aa584ad3bef03f814820f485001') in 0.017476 seconds 
  Import took 0.021116 seconds .

========================================================================
Received Import Request.
  Time since last request: 0.000330 seconds.
  path: Assets/Materials/Bathroom/BathtubLeg.mat
  artifactKey: Guid(d7e2196a7a474e74fba16ada321c14f2) Importer(815301076,1909f56bfc062723c751e8b465ee728b)
Start importing Assets/Materials/Bathroom/BathtubLeg.mat using Guid(d7e2196a7a474e74fba16ada321c14f2) Importer(815301076,1909f56bfc062723c751e8b465ee728b)  -> (artifact id: '064d153212c710a685b247540c9f4e9f') in 0.014788 seconds 
  Import took 0.018732 seconds .

========================================================================
Received Import Request.
  Time since last request: 0.000280 seconds.
  path: Assets/Materials/Bathroom/Radiator.mat
  artifactKey: Guid(2d63e5640f378c04ebe27363eb0fff0c) Importer(815301076,1909f56bfc062723c751e8b465ee728b)
Start importing Assets/Materials/Bathroom/Radiator.mat using Guid(2d63e5640f378c04ebe27363eb0fff0c) Importer(815301076,1909f56bfc062723c751e8b465ee728b)  -> (artifact id: '330bccbad708bc85854cdfec557577bf') in 0.016512 seconds 
  Import took 0.020315 seconds .

========================================================================
Received Import Request.
  Time since last request: 0.000349 seconds.
  path: Assets/Materials/Bathroom/Sink.mat
  artifactKey: Guid(7dc883052ccb59842a9c6b10113e1470) Importer(815301076,1909f56bfc062723c751e8b465ee728b)
Start importing Assets/Materials/Bathroom/Sink.mat using Guid(7dc883052ccb59842a9c6b10113e1470) Importer(815301076,1909f56bfc062723c751e8b465ee728b)  -> (artifact id: 'bd0be5306bf8d7c043fbf68fb8008894') in 0.015148 seconds 
  Import took 0.019534 seconds .

========================================================================
Received Import Request.
  Time since last request: 0.000264 seconds.
  path: Assets/Materials/Bathroom/Wall_Bathroom.mat
  artifactKey: Guid(785750043eaf5004da3d0b54f39941c1) Importer(815301076,1909f56bfc062723c751e8b465ee728b)
Start importing Assets/Materials/Bathroom/Wall_Bathroom.mat using Guid(785750043eaf5004da3d0b54f39941c1) Importer(815301076,1909f56bfc062723c751e8b465ee728b)  -> (artifact id: '8eff717b54b4fa2cd7c68c54ef65ab37') in 0.017275 seconds 
  Import took 0.021477 seconds .

========================================================================
Received Import Request.
  Time since last request: 0.000337 seconds.
  path: Assets/Materials/Bathroom/Floor.mat
  artifactKey: Guid(8254b3265a6122b4d960969cacd74683) Importer(815301076,1909f56bfc062723c751e8b465ee728b)
Start importing Assets/Materials/Bathroom/Floor.mat using Guid(8254b3265a6122b4d960969cacd74683) Importer(815301076,1909f56bfc062723c751e8b465ee728b)  -> (artifact id: '446c6ce0f1dfd5d8a90e697c56f242d6') in 0.016182 seconds 
  Import took 0.019862 seconds .

========================================================================
Received Import Request.
  Time since last request: 0.000238 seconds.
  path: Assets/Materials/Bathroom/Mirror.mat
  artifactKey: Guid(3086cb16e9941b845ac6e853a3a4e5b4) Importer(815301076,1909f56bfc062723c751e8b465ee728b)
Start importing Assets/Materials/Bathroom/Mirror.mat using Guid(3086cb16e9941b845ac6e853a3a4e5b4) Importer(815301076,1909f56bfc062723c751e8b465ee728b)  -> (artifact id: '50ef0cc91ce8a71edabd9f59d4913458') in 0.014800 seconds 
  Import took 0.019631 seconds .

========================================================================
Received Import Request.
  Time since last request: 0.000315 seconds.
  path: Assets/Materials/Bathroom/Walls.mat
  artifactKey: Guid(9dab67fd89e742e45a9d885d6e1e14a2) Importer(815301076,1909f56bfc062723c751e8b465ee728b)
Start importing Assets/Materials/Bathroom/Walls.mat using Guid(9dab67fd89e742e45a9d885d6e1e14a2) Importer(815301076,1909f56bfc062723c751e8b465ee728b)  -> (artifact id: '404f18c22f5b2800b9fcc68c0350159e') in 0.016949 seconds 
  Import took 0.021476 seconds .

========================================================================
Received Prepare
Registering precompiled user dll's ...
Registered in 0.011052 seconds.
Begin MonoManager ReloadAssembly
Native extension for Lumin target not found
Native extension for LinuxStandalone target not found
Native extension for WindowsStandalone target not found
Native extension for OSXStandalone target not found
Native extension for WebGL target not found
Refreshing native plugins compatible for Editor in 0.59 ms, found 2 plugins.
Preloading 0 native plugins for Editor in 0.00 ms.
Mono: successfully reloaded assembly
- Completed reload, in  1.163 seconds
Platform modules already initialized, skipping
Refreshing native plugins compatible for Editor in 0.65 ms, found 2 plugins.
Preloading 0 native plugins for Editor in 0.00 ms.
Unloading 2225 Unused Serialized files (Serialized files now loaded: 0)
System memory in use before: 173.9 MB.
System memory in use after: 172.2 MB.

Unloading 58 unused Assets to reduce memory usage. Loaded Objects now: 2716.
Total: 4.403500 ms (FindLiveObjects: 0.246500 ms CreateObjectMapping: 0.139500 ms MarkObjects: 2.316600 ms  DeleteObjects: 1.699900 ms)

AssetImportParameters requested are different than current active one (requested -> active):
  custom:framework-win-MediaFoundation: 216162199b28c13a410421893ffa2e32 -> 
  custom:video-decoder-ogg-theora: a1e56fd34408186e4bbccfd4996cb3dc -> 
  custom:container-muxer-webm: aa71ff27fc2769a1b78a27578f13a17b -> 
  custom:container-demuxer-webm: 4f35f7cbe854078d1ac9338744f61a02 -> 
  custom:container-demuxer-ogg: 62fdf1f143b41e24485cea50d1cbac27 -> 
  custom:video-encoder-webm-vp8: eb34c28f22e8b96e1ab97ce403110664 -> 
  custom:video-decoder-webm-vp8: 9c59270c3fd7afecdb556c50c9e8de78 -> 
  custom:audio-decoder-ogg-vorbis: bf7c407c2cedff20999df2af8eb42d56 -> 
  custom:audio-encoder-webm-vorbis: bf7c407c2cedff20999df2af8eb42d56 -> 
========================================================================
Received Import Request.
  Time since last request: 226.315508 seconds.
  path: Assets/Materials/Corridor/Floor.mat
  artifactKey: Guid(059e99a55d1d3614ebfbdffbbe2e3e25) Importer(815301076,1909f56bfc062723c751e8b465ee728b)
Start importing Assets/Materials/Corridor/Floor.mat using Guid(059e99a55d1d3614ebfbdffbbe2e3e25) Importer(815301076,1909f56bfc062723c751e8b465ee728b)  -> (artifact id: 'fcecdbe219ba749ccf159ab58dfe7c1d') in 0.068428 seconds 
  Import took 0.072168 seconds .

========================================================================
Received Prepare
Registering precompiled user dll's ...
Registered in 0.007921 seconds.
Begin MonoManager ReloadAssembly
Native extension for Lumin target not found
Native extension for LinuxStandalone target not found
Native extension for WindowsStandalone target not found
Native extension for OSXStandalone target not found
Native extension for WebGL target not found
Refreshing native plugins compatible for Editor in 0.60 ms, found 2 plugins.
Preloading 0 native plugins for Editor in 0.00 ms.
Mono: successfully reloaded assembly
- Completed reload, in  1.020 seconds
Platform modules already initialized, skipping
Refreshing native plugins compatible for Editor in 0.69 ms, found 2 plugins.
Preloading 0 native plugins for Editor in 0.00 ms.
Unloading 2225 Unused Serialized files (Serialized files now loaded: 0)
System memory in use before: 174.1 MB.
System memory in use after: 172.3 MB.

Unloading 58 unused Assets to reduce memory usage. Loaded Objects now: 2719.
Total: 4.870900 ms (FindLiveObjects: 0.341400 ms CreateObjectMapping: 0.150100 ms MarkObjects: 2.512200 ms  DeleteObjects: 1.866200 ms)

AssetImportParameters requested are different than current active one (requested -> active):
  custom:framework-win-MediaFoundation: 216162199b28c13a410421893ffa2e32 -> 
  custom:video-decoder-ogg-theora: a1e56fd34408186e4bbccfd4996cb3dc -> 
  custom:container-muxer-webm: aa71ff27fc2769a1b78a27578f13a17b -> 
  custom:container-demuxer-webm: 4f35f7cbe854078d1ac9338744f61a02 -> 
  custom:container-demuxer-ogg: 62fdf1f143b41e24485cea50d1cbac27 -> 
  custom:video-encoder-webm-vp8: eb34c28f22e8b96e1ab97ce403110664 -> 
  custom:video-decoder-webm-vp8: 9c59270c3fd7afecdb556c50c9e8de78 -> 
  custom:audio-decoder-ogg-vorbis: bf7c407c2cedff20999df2af8eb42d56 -> 
  custom:audio-encoder-webm-vorbis: bf7c407c2cedff20999df2af8eb42d56 -> 
========================================================================
Received Prepare
Registering precompiled user dll's ...
Registered in 0.007998 seconds.
Begin MonoManager ReloadAssembly
Native extension for Lumin target not found
Native extension for LinuxStandalone target not found
Native extension for WindowsStandalone target not found
Native extension for OSXStandalone target not found
Native extension for WebGL target not found
Refreshing native plugins compatible for Editor in 0.65 ms, found 2 plugins.
Preloading 0 native plugins for Editor in 0.00 ms.
Mono: successfully reloaded assembly
- Completed reload, in  1.174 seconds
Platform modules already initialized, skipping
Refreshing native plugins compatible for Editor in 0.72 ms, found 2 plugins.
Preloading 0 native plugins for Editor in 0.00 ms.
Unloading 2225 Unused Serialized files (Serialized files now loaded: 0)
System memory in use before: 174.1 MB.
System memory in use after: 172.3 MB.

Unloading 58 unused Assets to reduce memory usage. Loaded Objects now: 2721.
Total: 4.303200 ms (FindLiveObjects: 0.402000 ms CreateObjectMapping: 0.148600 ms MarkObjects: 2.033200 ms  DeleteObjects: 1.718000 ms)

AssetImportParameters requested are different than current active one (requested -> active):
  custom:framework-win-MediaFoundation: 216162199b28c13a410421893ffa2e32 -> 
  custom:video-decoder-ogg-theora: a1e56fd34408186e4bbccfd4996cb3dc -> 
  custom:container-muxer-webm: aa71ff27fc2769a1b78a27578f13a17b -> 
  custom:container-demuxer-webm: 4f35f7cbe854078d1ac9338744f61a02 -> 
  custom:container-demuxer-ogg: 62fdf1f143b41e24485cea50d1cbac27 -> 
  custom:video-encoder-webm-vp8: eb34c28f22e8b96e1ab97ce403110664 -> 
  custom:video-decoder-webm-vp8: 9c59270c3fd7afecdb556c50c9e8de78 -> 
  custom:audio-decoder-ogg-vorbis: bf7c407c2cedff20999df2af8eb42d56 -> 
  custom:audio-encoder-webm-vorbis: bf7c407c2cedff20999df2af8eb42d56 -> 
========================================================================
Received Prepare
Registering precompiled user dll's ...
Registered in 0.007059 seconds.
Begin MonoManager ReloadAssembly
Native extension for Lumin target not found
Native extension for LinuxStandalone target not found
Native extension for WindowsStandalone target not found
Native extension for OSXStandalone target not found
Native extension for WebGL target not found
Refreshing native plugins compatible for Editor in 0.80 ms, found 2 plugins.
Preloading 0 native plugins for Editor in 0.00 ms.
Mono: successfully reloaded assembly
- Completed reload, in  1.014 seconds
Platform modules already initialized, skipping
Refreshing native plugins compatible for Editor in 0.80 ms, found 2 plugins.
Preloading 0 native plugins for Editor in 0.00 ms.
Unloading 2225 Unused Serialized files (Serialized files now loaded: 0)
System memory in use before: 174.1 MB.
System memory in use after: 172.4 MB.

Unloading 58 unused Assets to reduce memory usage. Loaded Objects now: 2723.
Total: 4.781500 ms (FindLiveObjects: 0.350000 ms CreateObjectMapping: 0.095600 ms MarkObjects: 2.594700 ms  DeleteObjects: 1.739900 ms)

AssetImportParameters requested are different than current active one (requested -> active):
  custom:framework-win-MediaFoundation: 216162199b28c13a410421893ffa2e32 -> 
  custom:video-decoder-ogg-theora: a1e56fd34408186e4bbccfd4996cb3dc -> 
  custom:container-muxer-webm: aa71ff27fc2769a1b78a27578f13a17b -> 
  custom:container-demuxer-webm: 4f35f7cbe854078d1ac9338744f61a02 -> 
  custom:container-demuxer-ogg: 62fdf1f143b41e24485cea50d1cbac27 -> 
  custom:video-encoder-webm-vp8: eb34c28f22e8b96e1ab97ce403110664 -> 
  custom:video-decoder-webm-vp8: 9c59270c3fd7afecdb556c50c9e8de78 -> 
  custom:audio-decoder-ogg-vorbis: bf7c407c2cedff20999df2af8eb42d56 -> 
  custom:audio-encoder-webm-vorbis: bf7c407c2cedff20999df2af8eb42d56 -> 
========================================================================
Received Prepare
Registering precompiled user dll's ...
Registered in 0.006861 seconds.
Begin MonoManager ReloadAssembly
Native extension for Lumin target not found
Native extension for LinuxStandalone target not found
Native extension for WindowsStandalone target not found
Native extension for OSXStandalone target not found
Native extension for WebGL target not found
Refreshing native plugins compatible for Editor in 2.92 ms, found 2 plugins.
Preloading 0 native plugins for Editor in 0.00 ms.
Mono: successfully reloaded assembly
- Completed reload, in  1.245 seconds
Platform modules already initialized, skipping
Refreshing native plugins compatible for Editor in 0.75 ms, found 2 plugins.
Preloading 0 native plugins for Editor in 0.00 ms.
Unloading 2225 Unused Serialized files (Serialized files now loaded: 0)
System memory in use before: 174.1 MB.
System memory in use after: 172.4 MB.

Unloading 58 unused Assets to reduce memory usage. Loaded Objects now: 2725.
Total: 3.958600 ms (FindLiveObjects: 0.212100 ms CreateObjectMapping: 0.070900 ms MarkObjects: 2.059200 ms  DeleteObjects: 1.615400 ms)

AssetImportParameters requested are different than current active one (requested -> active):
  custom:framework-win-MediaFoundation: 216162199b28c13a410421893ffa2e32 -> 
  custom:video-decoder-ogg-theora: a1e56fd34408186e4bbccfd4996cb3dc -> 
  custom:container-muxer-webm: aa71ff27fc2769a1b78a27578f13a17b -> 
  custom:container-demuxer-webm: 4f35f7cbe854078d1ac9338744f61a02 -> 
  custom:container-demuxer-ogg: 62fdf1f143b41e24485cea50d1cbac27 -> 
  custom:video-encoder-webm-vp8: eb34c28f22e8b96e1ab97ce403110664 -> 
  custom:video-decoder-webm-vp8: 9c59270c3fd7afecdb556c50c9e8de78 -> 
  custom:audio-decoder-ogg-vorbis: bf7c407c2cedff20999df2af8eb42d56 -> 
  custom:audio-encoder-webm-vorbis: bf7c407c2cedff20999df2af8eb42d56 -> 
AssetImportWorkerClient::OnTransportError - code=2 error=End of file
